<testsuites id="" name="" tests="1" failures="0" skipped="0" errors="0" time="2.2220309999883177">
<testsuite name="ui/specs/remove-product-cart.spec.ts" timestamp="2023-03-30T14:06:42.702Z" hostname="chromium" tests="1" failures="0" skipped="0" time="1.691" errors="0">
<testcase name="remove product" classname="ui/specs/remove-product-cart.spec.ts" time="1.691">
<system-out>
<![CDATA[
[[ATTACHMENT|../test-results/ui-specs-remove-product-cart-remove-product-chromium/test-finished-1.png]]

[[ATTACHMENT|../test-results/ui-specs-remove-product-cart-remove-product-chromium/trace.zip]]
]]>
</system-out>
</testcase>
</testsuite>
</testsuites>